<?xml version="1.0" encoding="utf-8"?><testsuites name="pytest tests"><testsuite name="pytest" errors="0" failures="0" skipped="0" tests="26" time="38.037" timestamp="2026-02-10T08:30:27.957165+00:00" hostname="agent-env-42dc49ea-7800-4122-9d39-73b38d74ecb6"><testcase classname="backend.tests.test_taxassist_features.TestAuthAndSetup" name="test_api_health" time="0.077" /><testcase classname="backend.tests.test_taxassist_features.TestAuthAndSetup" name="test_super_admin_login" time="0.037" /><testcase classname="backend.tests.test_taxassist_features.TestAuthAndSetup" name="test_ca_admin_login" time="0.041" /><testcase classname="backend.tests.test_taxassist_features.TestAuthAndSetup" name="test_client_login" time="0.037" /><testcase classname="backend.tests.test_taxassist_features.TestOffersManagement" name="test_create_offer_super_admin" time="0.081" /><testcase classname="backend.tests.test_taxassist_features.TestOffersManagement" name="test_create_offer_ca_admin_denied" time="0.130" /><testcase classname="backend.tests.test_taxassist_features.TestOffersManagement" name="test_get_all_offers_super_admin" time="0.069" /><testcase classname="backend.tests.test_taxassist_features.TestOffersManagement" name="test_validate_offer_valid" time="0.104" /><testcase classname="backend.tests.test_taxassist_features.TestOffersManagement" name="test_validate_offer_invalid_code" time="0.035" /><testcase classname="backend.tests.test_taxassist_features.TestOffersManagement" name="test_get_active_offers_public" time="0.038" /><testcase classname="backend.tests.test_taxassist_features.TestOffersManagement" name="test_deactivate_offer" time="0.119" /><testcase classname="backend.tests.test_taxassist_features.TestAdminSettings" name="test_get_settings_super_admin" time="0.078" /><testcase classname="backend.tests.test_taxassist_features.TestAdminSettings" name="test_get_settings_ca_admin_denied" time="0.063" /><testcase classname="backend.tests.test_taxassist_features.TestAdminSettings" name="test_update_notification_email" time="0.074" /><testcase classname="backend.tests.test_taxassist_features.TestAdminSettings" name="test_update_settings_ca_admin_denied" time="0.068" /><testcase classname="backend.tests.test_taxassist_features.TestCAAdminPermissions" name="test_get_available_permissions" time="0.066" /><testcase classname="backend.tests.test_taxassist_features.TestCAAdminPermissions" name="test_get_admin_users" time="0.068" /><testcase classname="backend.tests.test_taxassist_features.TestCAAdminPermissions" name="test_update_ca_admin_permissions" time="0.103" /><testcase classname="backend.tests.test_taxassist_features.TestCAAdminPermissions" name="test_ca_admin_cannot_update_permissions" time="0.127" /><testcase classname="backend.tests.test_taxassist_features.TestDocumentUnlock" name="test_get_all_documents" time="0.068" /><testcase classname="backend.tests.test_taxassist_features.TestDocumentUnlock" name="test_unlock_document_endpoint_exists" time="0.096" /><testcase classname="backend.tests.test_taxassist_features.TestRBACNavigation" name="test_super_admin_access_all_endpoints" time="0.321" /><testcase classname="backend.tests.test_taxassist_features.TestRBACNavigation" name="test_ca_admin_restricted_endpoints" time="0.107" /><testcase classname="backend.tests.test_taxassist_features.TestRBACNavigation" name="test_ca_admin_allowed_endpoints" time="0.173" /><testcase classname="backend.tests.test_taxassist_features.TestTaxPlans" name="test_get_public_plans" time="0.035" /><testcase classname="backend.tests.test_taxassist_features.TestTaxPlans" name="test_admin_get_all_plans" time="35.761" /></testsuite></testsuites>