<?xml version="1.0" encoding="utf-8"?><testsuites name="pytest tests"><testsuite name="pytest" errors="0" failures="3" skipped="0" tests="26" time="2.620" timestamp="2026-02-10T08:29:57.124443+00:00" hostname="agent-env-42dc49ea-7800-4122-9d39-73b38d74ecb6"><testcase classname="backend.tests.test_taxassist_features.TestAuthAndSetup" name="test_api_health" time="0.078" /><testcase classname="backend.tests.test_taxassist_features.TestAuthAndSetup" name="test_super_admin_login" time="0.091" /><testcase classname="backend.tests.test_taxassist_features.TestAuthAndSetup" name="test_ca_admin_login" time="0.045"><failure message="AssertionError: assert None == 'ca_admin'">backend/tests/test_taxassist_features.py:46: in test_ca_admin_login
    assert data["user"]["admin_role"] == "ca_admin"
E   AssertionError: assert None == 'ca_admin'</failure></testcase><testcase classname="backend.tests.test_taxassist_features.TestAuthAndSetup" name="test_client_login" time="0.041" /><testcase classname="backend.tests.test_taxassist_features.TestOffersManagement" name="test_create_offer_super_admin" time="0.101" /><testcase classname="backend.tests.test_taxassist_features.TestOffersManagement" name="test_create_offer_ca_admin_denied" time="0.078" /><testcase classname="backend.tests.test_taxassist_features.TestOffersManagement" name="test_get_all_offers_super_admin" time="0.084" /><testcase classname="backend.tests.test_taxassist_features.TestOffersManagement" name="test_validate_offer_valid" time="0.110" /><testcase classname="backend.tests.test_taxassist_features.TestOffersManagement" name="test_validate_offer_invalid_code" time="0.043" /><testcase classname="backend.tests.test_taxassist_features.TestOffersManagement" name="test_get_active_offers_public" time="0.038" /><testcase classname="backend.tests.test_taxassist_features.TestOffersManagement" name="test_deactivate_offer" time="0.124" /><testcase classname="backend.tests.test_taxassist_features.TestAdminSettings" name="test_get_settings_super_admin" time="0.075" /><testcase classname="backend.tests.test_taxassist_features.TestAdminSettings" name="test_get_settings_ca_admin_denied" time="0.075" /><testcase classname="backend.tests.test_taxassist_features.TestAdminSettings" name="test_update_notification_email" time="0.085" /><testcase classname="backend.tests.test_taxassist_features.TestAdminSettings" name="test_update_settings_ca_admin_denied" time="0.070" /><testcase classname="backend.tests.test_taxassist_features.TestCAAdminPermissions" name="test_get_available_permissions" time="0.111" /><testcase classname="backend.tests.test_taxassist_features.TestCAAdminPermissions" name="test_get_admin_users" time="0.073" /><testcase classname="backend.tests.test_taxassist_features.TestCAAdminPermissions" name="test_update_ca_admin_permissions" time="0.072"><failure message="KeyError: 'admin_role'">backend/tests/test_taxassist_features.py:324: in test_update_ca_admin_permissions
    ca_admin = next((a for a in admins if a["admin_role"] == "ca_admin"), None)
               ^^^^^^^^^^^^^^^^^^^^^^^^^^^^^^^^^^^^^^^^^^^^^^^^^^^^^^^^^^^^^^^^
backend/tests/test_taxassist_features.py:324: in &lt;genexpr&gt;
    ca_admin = next((a for a in admins if a["admin_role"] == "ca_admin"), None)
                                          ^^^^^^^^^^^^^^^
E   KeyError: 'admin_role'</failure></testcase><testcase classname="backend.tests.test_taxassist_features.TestCAAdminPermissions" name="test_ca_admin_cannot_update_permissions" time="0.144"><failure message="KeyError: 'admin_role'">backend/tests/test_taxassist_features.py:349: in test_ca_admin_cannot_update_permissions
    ca_admin = next((a for a in admins if a["admin_role"] == "ca_admin"), None)
               ^^^^^^^^^^^^^^^^^^^^^^^^^^^^^^^^^^^^^^^^^^^^^^^^^^^^^^^^^^^^^^^^
backend/tests/test_taxassist_features.py:349: in &lt;genexpr&gt;
    ca_admin = next((a for a in admins if a["admin_role"] == "ca_admin"), None)
                                          ^^^^^^^^^^^^^^^
E   KeyError: 'admin_role'</failure></testcase><testcase classname="backend.tests.test_taxassist_features.TestDocumentUnlock" name="test_get_all_documents" time="0.075" /><testcase classname="backend.tests.test_taxassist_features.TestDocumentUnlock" name="test_unlock_document_endpoint_exists" time="0.129" /><testcase classname="backend.tests.test_taxassist_features.TestRBACNavigation" name="test_super_admin_access_all_endpoints" time="0.311" /><testcase classname="backend.tests.test_taxassist_features.TestRBACNavigation" name="test_ca_admin_restricted_endpoints" time="0.109" /><testcase classname="backend.tests.test_taxassist_features.TestRBACNavigation" name="test_ca_admin_allowed_endpoints" time="0.176" /><testcase classname="backend.tests.test_taxassist_features.TestTaxPlans" name="test_get_public_plans" time="0.030" /><testcase classname="backend.tests.test_taxassist_features.TestTaxPlans" name="test_admin_get_all_plans" time="0.065" /></testsuite></testsuites>